<component name="libraryTable">
  <library name="junit5-4.1.6">
    <CLASSES>
      <root url="jar://$PROJECT_DIR$/lib/JUnit5/junit5-4.1.6.jar!/" />
    </CLASSES>
    <JAVADOC />
    <SOURCES />
  </library>
</component>